<?xml version="1.0" encoding="UTF-8"?>  
<beans xmlns="http://www.springframework.org/schema/beans"  
    xmlns:xsi="http://www.w3.org/2001/XMLSchema-instance"   
    xmlns:context="http://www.springframework.org/schema/context" 
    xmlns:aop="http://www.springframework.org/schema/aop"
	xmlns:tx="http://www.springframework.org/schema/tx" 
    xmlns:mvc="http://www.springframework.org/schema/mvc"  
    xsi:schemaLocation="  
        http://www.springframework.org/schema/beans  
        http://www.springframework.org/schema/beans/spring-beans.xsd  
        http://www.springframework.org/schema/context  
        http://www.springframework.org/schema/context/spring-context.xsd 
        http://www.springframework.org/schema/tx
        https://www.springframework.org/schema/tx/spring-tx.xsd
        http://www.springframework.org/schema/aop
        https://www.springframework.org/schema/aop/spring-aop.xsd 
        http://www.springframework.org/schema/mvc  
        http://www.springframework.org/schema/mvc/spring-mvc.xsd">  
        
     <context:component-scan base-package="com.controllers"/>
     
     <mvc:annotation-driven/>
     <tx:annotation-driven/>
     
     
        
    <mvc:resources mapping="/css/**" location="/css/" />
	<mvc:resources mapping="/images/**" location="/images/" />
	<mvc:resources mapping="/js/**" location="/js/" />
	
	<!-- Spring Email Sender Bean Configuration -->
    <bean id="mailSender" class="org.springframework.mail.javamail.JavaMailSenderImpl">
        <property name="host" value="smtp.gmail.com" />
        <property name="port" value="587" />
        <property name="username" value="cateringmanagementteam@gmail.com" />
        <property name="password" value="Royal123@@" />
        <property name="javaMailProperties">
            <props>
                <prop key="mail.smtp.auth">true</prop>
                <prop key="mail.debug">true</prop>
                <prop key="mail.transport.protocol">smtp</prop>
                <prop key="mail.smtp.socketFactory.class">javax.net.ssl.SSLSocketFactory</prop>
                <prop key="mail.smtp.socketFactory.port">465</prop>
                <prop key="mail.smtp.starttls.enable">true</prop>
            </props>
        </property>
    </bean>
	
	<!-- Send Email Exception Resolver i.e. In Case Of Exception The Controller Will Navigate To 'error.jsp' & Will Display The Exception Message -->
    <bean class="org.springframework.web.servlet.handler.SimpleMappingExceptionResolver">
		<property name="exceptionMappings">
			<props>
				<prop key="java.lang.Exception">error</prop>
			</props>
		</property>
	</bean>	
	 
          
        <bean id="viewResolver" class="org.springframework.web.servlet.view.InternalResourceViewResolver">
          <property name="prefix" value="/WEB-INF/jsp/"/>
          <property name="suffix" value=".jsp"/>
        
        </bean>
          
      <bean id="dataSource"
		class="org.springframework.jdbc.datasource.DriverManagerDataSource">
		<property name="driverClassName"
			value="com.mysql.jdbc.Driver" />
		<property name="url"
			value="jdbc:mysql://localhost:3306/catering_management" />
		<property name="username" value="root" />
		<property name="password" value="" />
	</bean>
	
	
      <bean id="sessionFactory" class="org.springframework.orm.hibernate4.LocalSessionFactoryBean">
          <property name="dataSource" ref="dataSource"/>
          <property name="hibernateProperties">
             <props>
                 <prop key="hibernate.show_sql">true</prop>
                 <prop key="hibernate.hbm2ddl.auto">update</prop>
                 <prop key="hibernate.dialect">org.hibernate.dialect.MySQL5Dialect</prop>
             
             </props>
             </property>
          <property name="annotatedClasses">
             <list>
               <value>com.bean.CusBean</value>
               <value>com.bean.FoodTable</value>
               <value>com.bean.BookingTable</value>
               <value>com.bean.FoodAdmin</value> 
               <value>com.bean.BookingOrder</value>
             </list>
          
          </property> 
     
      </bean>
      
      <bean id="ht" class="org.springframework.orm.hibernate4.HibernateTemplate">
          <property name="sessionFactory" ref="sessionFactory" ></property>
      
      </bean>
        
      
       
      <bean id="transactionManager"
		class="org.springframework.orm.hibernate4.HibernateTransactionManager">
		<property name="sessionFactory" ref="sessionFactory"></property>

	</bean>
	
	 <bean id="dao" class="com.dao.cusDAO">
         <property name="ht" ref="ht"></property>
       </bean> 
       
        <bean id="addDao" class="com.dao.AddDAO">
         <property name="ht" ref="ht"></property>
       </bean> 
        <bean id="bookDao" class="com.dao.BookDAO">
         <property name="ht" ref="ht"></property>
       </bean> 
      
        
  </beans>